#
# There is insufficient memory for the Java Runtime Environment to continue.
# Native memory allocation (malloc) failed to allocate 1048576 bytes for AllocateHeap
# Possible reasons:
#   The system is out of physical RAM or swap space
#   The process is running with CompressedOops enabled, and the Java Heap may be blocking the growth of the native heap
# Possible solutions:
#   Reduce memory load on the system
#   Increase physical memory or swap space
#   Check if swap backing store is full
#   Decrease Java heap size (-Xmx/-Xms)
#   Decrease number of Java threads
#   Decrease Java thread stack sizes (-Xss)
#   Set larger code cache with -XX:ReservedCodeCacheSize=
#   JVM is running with Unscaled Compressed Oops mode in which the Java heap is
#     placed in the first 4GB address space. The Java Heap base address is the
#     maximum limit for the native heap growth. Please use -XX:HeapBaseMinAddress
#     to set the Java Heap base and to place the Java Heap above 4GB virtual address.
# This output file may be truncated or incomplete.
#
#  Out of Memory Error (memory/allocation.inline.hpp:61), pid=20680, tid=0x00000000000022dc
#
# JRE version:  (8.0_292-b10) (build )
# Java VM: OpenJDK 64-Bit Server VM (25.292-b10 mixed mode windows-amd64 compressed oops)
# Failed to write core dump. Minidumps are not enabled by default on client versions of Windows
#

---------------  T H R E A D  ---------------

Current thread (0x0000000002b9e800):  JavaThread "Unknown thread" [_thread_in_vm, id=8924, stack(0x0000000002c90000,0x0000000002d90000)]

Stack: [0x0000000002c90000,0x0000000002d90000]
[error occurred during error reporting (printing stack bounds), id 0xc0000005]

Native frames: (J=compiled Java code, j=interpreted, Vv=VM code, C=native code)


---------------  P R O C E S S  ---------------

Java Threads: ( => current thread )

Other Threads:

=>0x0000000002b9e800 (exited) JavaThread "Unknown thread" [_thread_in_vm, id=8924, stack(0x0000000002c90000,0x0000000002d90000)]

VM state:not at safepoint (normal execution)

VM Mutex/Monitor currently owned by a thread: None

heap address: 0x00000000fc000000, size: 64 MB, Compressed Oops mode: 32-bit
Narrow klass base: 0x0000000000000000, Narrow klass shift: 3
Compressed class space size: 1073741824 Address: 0x0000000100000000

Heap:
 PSYoungGen      total 18944K, used 327K [0x00000000feb00000, 0x0000000100000000, 0x0000000100000000)
  eden space 16384K, 2% used [0x00000000feb00000,0x00000000feb51ec8,0x00000000ffb00000)
  from space 2560K, 0% used [0x00000000ffd80000,0x00000000ffd80000,0x0000000100000000)
  to   space 2560K, 0% used [0x00000000ffb00000,0x00000000ffb00000,0x00000000ffd80000)
 ParOldGen       total 44032K, used 0K [0x00000000fc000000, 0x00000000feb00000, 0x00000000feb00000)
  object space 44032K, 0% used [0x00000000fc000000,0x00000000fc000000,0x00000000feb00000)
 Metaspace       used 781K, capacity 4480K, committed 4480K, reserved 1056768K
  class space    used 76K, capacity 384K, committed 384K, reserved 1048576K

Card table byte_map: [0x0000000002bc0000,0x0000000002bf0000] byte_map_base: 0x00000000023e0000

Marking Bits: (ParMarkBitMap*) 0x0000000057da3420
 Begin Bits: [0x0000000012a50000, 0x0000000012b50000)
 End Bits:   [0x0000000012b50000, 0x0000000012c50000)

Polling page: 0x0000000001520000

CodeCache: size=245760Kb used=328Kb max_used=328Kb free=245431Kb
 bounds [0x0000000002e90000, 0x0000000003100000, 0x0000000011e90000]
 total_blobs=57 nmethods=0 adapters=38
 compilation: enabled

Compilation events (0 events):
No events

GC Heap History (0 events):
No events

Deoptimization events (0 events):
No events

Classes redefined (0 events):
No events

Internal exceptions (0 events):
No events

Events (10 events):
Event: 0.019 loading class java/lang/Short
Event: 0.019 loading class java/lang/Short done
Event: 0.019 loading class java/lang/Integer
Event: 0.019 loading class java/lang/Integer done
Event: 0.019 loading class java/lang/Long
Event: 0.019 loading class java/lang/Long done
Event: 0.019 loading class java/lang/NullPointerException
Event: 0.019 loading class java/lang/NullPointerException done
Event: 0.019 loading class java/lang/ArithmeticException
Event: 0.019 loading class java/lang/ArithmeticException done


Dynamic libraries:
0x00007ff6a8090000 - 0x00007ff6a80c5000 	C:\Program Files\OpenJDK\openjdk-8u292-b10\bin\java.exe
0x00007ffd6fcf0000 - 0x00007ffd6fee5000 	C:\WINDOWS\SYSTEM32\ntdll.dll
0x00007ffd4a720000 - 0x00007ffd4a733000 	C:\Program Files\AVAST Software\Avast\aswhook.dll
0x00007ffd6e510000 - 0x00007ffd6e5cd000 	C:\WINDOWS\System32\KERNEL32.DLL
0x00007ffd6d540000 - 0x00007ffd6d808000 	C:\WINDOWS\System32\KERNELBASE.dll
0x00007ffd6ddc0000 - 0x00007ffd6de6c000 	C:\WINDOWS\System32\ADVAPI32.dll
0x00007ffd6e700000 - 0x00007ffd6e79e000 	C:\WINDOWS\System32\msvcrt.dll
0x00007ffd6e2f0000 - 0x00007ffd6e38b000 	C:\WINDOWS\System32\sechost.dll
0x00007ffd6e5d0000 - 0x00007ffd6e6fb000 	C:\WINDOWS\System32\RPCRT4.dll
0x00007ffd6e810000 - 0x00007ffd6e9b0000 	C:\WINDOWS\System32\USER32.dll
0x00007ffd6dc00000 - 0x00007ffd6dc22000 	C:\WINDOWS\System32\win32u.dll
0x00007ffd6f9f0000 - 0x00007ffd6fa1a000 	C:\WINDOWS\System32\GDI32.dll
0x00007ffd6daf0000 - 0x00007ffd6dbfb000 	C:\WINDOWS\System32\gdi32full.dll
0x00007ffd6d8a0000 - 0x00007ffd6d93d000 	C:\WINDOWS\System32\msvcp_win.dll
0x00007ffd6dc60000 - 0x00007ffd6dd60000 	C:\WINDOWS\System32\ucrtbase.dll
0x00007ffd5b050000 - 0x00007ffd5b2ea000 	C:\WINDOWS\WinSxS\amd64_microsoft.windows.common-controls_6595b64144ccf1df_6.0.19041.1052_none_60b8f8fd71f5e8cb\COMCTL32.dll
0x00007ffd6fb10000 - 0x00007ffd6fb40000 	C:\WINDOWS\System32\IMM32.DLL
0x0000000057e30000 - 0x0000000057f02000 	C:\Program Files\OpenJDK\openjdk-8u292-b10\jre\bin\msvcr100.dll
0x0000000057590000 - 0x0000000057e25000 	C:\Program Files\OpenJDK\openjdk-8u292-b10\jre\bin\server\jvm.dll
0x00007ffd6e3b0000 - 0x00007ffd6e3b8000 	C:\WINDOWS\System32\PSAPI.DLL
0x00007ffd62760000 - 0x00007ffd62787000 	C:\WINDOWS\SYSTEM32\WINMM.dll
0x00007ffd66470000 - 0x00007ffd6647a000 	C:\WINDOWS\SYSTEM32\VERSION.dll
0x00007ffd602c0000 - 0x00007ffd602c9000 	C:\WINDOWS\SYSTEM32\WSOCK32.dll
0x00007ffd6fa20000 - 0x00007ffd6fa8b000 	C:\WINDOWS\System32\WS2_32.dll
0x00007ffd5f260000 - 0x00007ffd5f26f000 	C:\Program Files\OpenJDK\openjdk-8u292-b10\jre\bin\verify.dll
0x00007ffcfa8d0000 - 0x00007ffcfa8f9000 	C:\Program Files\OpenJDK\openjdk-8u292-b10\jre\bin\java.dll
0x00007ffd3f0f0000 - 0x00007ffd3f106000 	C:\Program Files\OpenJDK\openjdk-8u292-b10\jre\bin\zip.dll

VM Arguments:
jvm_args: -Xmx64m -Xms64m -Dorg.gradle.appname=gradlew 
java_command: org.gradle.wrapper.GradleWrapperMain app:installDebug -PreactNativeDevServerPort=8081
java_class_path (initial): C:\Users\paulo\Documents\projects\curso-react-native\calculadora\android\\gradle\wrapper\gradle-wrapper.jar
Launcher Type: SUN_STANDARD

Environment Variables:
JAVA_HOME=C:\Program Files\OpenJDK\openjdk-8u292-b10
CLASSPATH=C:\Users\paulo\Documents\projects\curso-react-native\calculadora\android\\gradle\wrapper\gradle-wrapper.jar
USERNAME=paulo
OS=Windows_NT
PROCESSOR_IDENTIFIER=Intel64 Family 6 Model 142 Stepping 10, GenuineIntel



---------------  S Y S T E M  ---------------

OS: Windows 10.0 , 64 bit Build 19041 (10.0.19041.1023)

CPU:total 8 (initial active 8) (4 cores per cpu, 2 threads per core) family 6 model 142 stepping 10, cmov, cx8, fxsr, mmx, sse, sse2, sse3, ssse3, sse4.1, sse4.2, popcnt, avx, avx2, aes, clmul, erms, 3dnowpref, lzcnt, ht, tsc, tscinvbit, bmi1, bmi2, adx

Memory: 4k page, physical 16672508k(5472292k free), swap 18625276k(5400k free)

vm_info: OpenJDK 64-Bit Server VM (25.292-b10) for windows-amd64 JRE (1.8.0_292-b10), built on Apr  9 2021 12:12:51 by "build" with MS VC++ 10.0 (VS2010)

time: Wed Jul 07 17:27:37 2021
timezone: Hora oficial do Brasil
elapsed time: 0.026173 seconds (0d 0h 0m 0s)

